1561679553360	mozrunner::runner	INFO	Running command: "/Applications/Firefox.app/Contents/MacOS/firefox-bin" "-marionette" "-foreground" "-no-remote" "-profile" "/var/folders/t0/xh01_l9n7cq7qj4jgyvc1wnh0000gq/T/rust_mozprofile.H2eztXSkkUOK"
1561679554429	addons.webextension.screenshots@mozilla.org	WARN	Loading extension 'screenshots@mozilla.org': Reading manifest: Invalid extension permission: mozillaAddons
1561679554429	addons.webextension.screenshots@mozilla.org	WARN	Loading extension 'screenshots@mozilla.org': Reading manifest: Invalid extension permission: resource://pdf.js/
1561679554429	addons.webextension.screenshots@mozilla.org	WARN	Loading extension 'screenshots@mozilla.org': Reading manifest: Invalid extension permission: about:reader*
1561679556741	Marionette	INFO	Listening on port 56533
1561679556842	Marionette	WARN	TLS certificate errors will be ignored for this session
console.error: BroadcastService: 
  receivedBroadcastMessage: handler for
  remote-settings/monitor_changes
  threw error:
  Message: Error: Polling for changes failed: http://%(server)s/dummy/blocklist//buckets/monitor/collections/changes/records?_expected=%221561626172388%22 is not a valid URL..
  Stack:
    remoteSettingsFunction/remoteSettings.pollChanges@resource://services-settings/remote-settings.js:203:13

console.warn: "Error while detaching the thread front: 'detach' request packet to 'server1.conn0.child1/context19' can't be sent as the connection is closed."
1561679730105	Marionette	INFO	Stopped listening on port 56533
1561679738390	mozrunner::runner	INFO	Running command: "/Applications/Firefox.app/Contents/MacOS/firefox-bin" "-marionette" "-foreground" "-no-remote" "-profile" "/var/folders/t0/xh01_l9n7cq7qj4jgyvc1wnh0000gq/T/rust_mozprofile.r02oPJAK9W8M"
1561679738976	addons.webextension.screenshots@mozilla.org	WARN	Loading extension 'screenshots@mozilla.org': Reading manifest: Invalid extension permission: mozillaAddons
1561679738977	addons.webextension.screenshots@mozilla.org	WARN	Loading extension 'screenshots@mozilla.org': Reading manifest: Invalid extension permission: resource://pdf.js/
1561679738977	addons.webextension.screenshots@mozilla.org	WARN	Loading extension 'screenshots@mozilla.org': Reading manifest: Invalid extension permission: about:reader*
1561679740494	Marionette	INFO	Listening on port 56654
1561679740542	Marionette	WARN	TLS certificate errors will be ignored for this session
console.warn: "Error while detaching the thread front: 'detach' request packet to 'server1.conn0.child1/context19' can't be sent as the connection is closed."
1561679945672	Marionette	INFO	Stopped listening on port 56654
1561679949025	mozrunner::runner	INFO	Running command: "/Applications/Firefox.app/Contents/MacOS/firefox-bin" "-marionette" "-foreground" "-no-remote" "-profile" "/var/folders/t0/xh01_l9n7cq7qj4jgyvc1wnh0000gq/T/rust_mozprofile.OaoyXyjykYBD"
1561679949666	addons.webextension.screenshots@mozilla.org	WARN	Loading extension 'screenshots@mozilla.org': Reading manifest: Invalid extension permission: mozillaAddons
1561679949667	addons.webextension.screenshots@mozilla.org	WARN	Loading extension 'screenshots@mozilla.org': Reading manifest: Invalid extension permission: resource://pdf.js/
1561679949667	addons.webextension.screenshots@mozilla.org	WARN	Loading extension 'screenshots@mozilla.org': Reading manifest: Invalid extension permission: about:reader*
1561679951204	Marionette	INFO	Listening on port 56772
1561679951272	Marionette	WARN	TLS certificate errors will be ignored for this session
console.error: BroadcastService: 
  receivedBroadcastMessage: handler for
  remote-settings/monitor_changes
  threw error:
  Message: Error: Polling for changes failed: http://%(server)s/dummy/blocklist//buckets/monitor/collections/changes/records?_expected=%221561626172388%22 is not a valid URL..
  Stack:
    remoteSettingsFunction/remoteSettings.pollChanges@resource://services-settings/remote-settings.js:203:13

1561680003193	Marionette	INFO	Stopped listening on port 56772
1561680006930	mozrunner::runner	INFO	Running command: "/Applications/Firefox.app/Contents/MacOS/firefox-bin" "-marionette" "-foreground" "-no-remote" "-profile" "/var/folders/t0/xh01_l9n7cq7qj4jgyvc1wnh0000gq/T/rust_mozprofile.fQFkNNhsYhQr"
1561680007479	addons.webextension.screenshots@mozilla.org	WARN	Loading extension 'screenshots@mozilla.org': Reading manifest: Invalid extension permission: mozillaAddons
1561680007479	addons.webextension.screenshots@mozilla.org	WARN	Loading extension 'screenshots@mozilla.org': Reading manifest: Invalid extension permission: resource://pdf.js/
1561680007479	addons.webextension.screenshots@mozilla.org	WARN	Loading extension 'screenshots@mozilla.org': Reading manifest: Invalid extension permission: about:reader*
1561680008940	Marionette	INFO	Listening on port 56844
1561680008980	Marionette	WARN	TLS certificate errors will be ignored for this session
1561680020702	Marionette	INFO	Stopped listening on port 56844
1561680457170	mozrunner::runner	INFO	Running command: "/Applications/Firefox.app/Contents/MacOS/firefox-bin" "-marionette" "-foreground" "-no-remote" "-profile" "/var/folders/t0/xh01_l9n7cq7qj4jgyvc1wnh0000gq/T/rust_mozprofile.HZFgUf3r7qxQ"
1561680457691	addons.webextension.screenshots@mozilla.org	WARN	Loading extension 'screenshots@mozilla.org': Reading manifest: Invalid extension permission: mozillaAddons
1561680457691	addons.webextension.screenshots@mozilla.org	WARN	Loading extension 'screenshots@mozilla.org': Reading manifest: Invalid extension permission: resource://pdf.js/
1561680457692	addons.webextension.screenshots@mozilla.org	WARN	Loading extension 'screenshots@mozilla.org': Reading manifest: Invalid extension permission: about:reader*
1561680459418	Marionette	INFO	Listening on port 57017
1561680459519	Marionette	WARN	TLS certificate errors will be ignored for this session
1561680482066	Marionette	INFO	Stopped listening on port 57017
1561680591708	mozrunner::runner	INFO	Running command: "/Applications/Firefox.app/Contents/MacOS/firefox-bin" "-marionette" "-foreground" "-no-remote" "-profile" "/var/folders/t0/xh01_l9n7cq7qj4jgyvc1wnh0000gq/T/rust_mozprofile.cVU98xICsAwe"
1561680592320	addons.webextension.screenshots@mozilla.org	WARN	Loading extension 'screenshots@mozilla.org': Reading manifest: Invalid extension permission: mozillaAddons
1561680592321	addons.webextension.screenshots@mozilla.org	WARN	Loading extension 'screenshots@mozilla.org': Reading manifest: Invalid extension permission: resource://pdf.js/
1561680592321	addons.webextension.screenshots@mozilla.org	WARN	Loading extension 'screenshots@mozilla.org': Reading manifest: Invalid extension permission: about:reader*
1561680593753	Marionette	INFO	Listening on port 57114
1561680593758	Marionette	WARN	TLS certificate errors will be ignored for this session
1561680615419	Marionette	INFO	Stopped listening on port 57114
1561680734186	mozrunner::runner	INFO	Running command: "/Applications/Firefox.app/Contents/MacOS/firefox-bin" "-marionette" "-foreground" "-no-remote" "-profile" "/var/folders/t0/xh01_l9n7cq7qj4jgyvc1wnh0000gq/T/rust_mozprofile.mn6L51yGAJZB"
1561680734726	addons.webextension.screenshots@mozilla.org	WARN	Loading extension 'screenshots@mozilla.org': Reading manifest: Invalid extension permission: mozillaAddons
1561680734727	addons.webextension.screenshots@mozilla.org	WARN	Loading extension 'screenshots@mozilla.org': Reading manifest: Invalid extension permission: resource://pdf.js/
1561680734727	addons.webextension.screenshots@mozilla.org	WARN	Loading extension 'screenshots@mozilla.org': Reading manifest: Invalid extension permission: about:reader*
1561680736356	Marionette	INFO	Listening on port 57207
1561680736445	Marionette	WARN	TLS certificate errors will be ignored for this session
1561680758200	Marionette	INFO	Stopped listening on port 57207

###!!! [Child][RunMessage] Error: Channel closing: too late to send/recv, messages will be lost

1561680794521	mozrunner::runner	INFO	Running command: "/Applications/Firefox.app/Contents/MacOS/firefox-bin" "-marionette" "-foreground" "-no-remote" "-profile" "/var/folders/t0/xh01_l9n7cq7qj4jgyvc1wnh0000gq/T/rust_mozprofile.WB1fxaN2AuI6"
1561680795100	addons.webextension.screenshots@mozilla.org	WARN	Loading extension 'screenshots@mozilla.org': Reading manifest: Invalid extension permission: mozillaAddons
1561680795101	addons.webextension.screenshots@mozilla.org	WARN	Loading extension 'screenshots@mozilla.org': Reading manifest: Invalid extension permission: resource://pdf.js/
1561680795101	addons.webextension.screenshots@mozilla.org	WARN	Loading extension 'screenshots@mozilla.org': Reading manifest: Invalid extension permission: about:reader*
1561680796668	Marionette	INFO	Listening on port 57277
1561680796681	Marionette	WARN	TLS certificate errors will be ignored for this session
1561680818242	Marionette	INFO	Stopped listening on port 57277
1561681340210	mozrunner::runner	INFO	Running command: "/Applications/Firefox.app/Contents/MacOS/firefox-bin" "-marionette" "-foreground" "-no-remote" "-profile" "/var/folders/t0/xh01_l9n7cq7qj4jgyvc1wnh0000gq/T/rust_mozprofile.vEN6nFabmgvx"
1561681340755	addons.webextension.screenshots@mozilla.org	WARN	Loading extension 'screenshots@mozilla.org': Reading manifest: Invalid extension permission: mozillaAddons
1561681340755	addons.webextension.screenshots@mozilla.org	WARN	Loading extension 'screenshots@mozilla.org': Reading manifest: Invalid extension permission: resource://pdf.js/
1561681340755	addons.webextension.screenshots@mozilla.org	WARN	Loading extension 'screenshots@mozilla.org': Reading manifest: Invalid extension permission: about:reader*
1561681342402	Marionette	INFO	Listening on port 57469
1561681342463	Marionette	WARN	TLS certificate errors will be ignored for this session
1561681364351	Marionette	INFO	Stopped listening on port 57469
1561681387125	mozrunner::runner	INFO	Running command: "/Applications/Firefox.app/Contents/MacOS/firefox-bin" "-marionette" "-foreground" "-no-remote" "-profile" "/var/folders/t0/xh01_l9n7cq7qj4jgyvc1wnh0000gq/T/rust_mozprofile.Zp8Td6SkZC4L"
1561681387681	addons.webextension.screenshots@mozilla.org	WARN	Loading extension 'screenshots@mozilla.org': Reading manifest: Invalid extension permission: mozillaAddons
1561681387681	addons.webextension.screenshots@mozilla.org	WARN	Loading extension 'screenshots@mozilla.org': Reading manifest: Invalid extension permission: resource://pdf.js/
1561681387681	addons.webextension.screenshots@mozilla.org	WARN	Loading extension 'screenshots@mozilla.org': Reading manifest: Invalid extension permission: about:reader*
1561681389250	Marionette	INFO	Listening on port 57671
1561681389289	Marionette	WARN	TLS certificate errors will be ignored for this session
1561681411696	Marionette	INFO	Stopped listening on port 57671

###!!! [Child][RunMessage] Error: Channel closing: too late to send/recv, messages will be lost

1561681464691	mozrunner::runner	INFO	Running command: "/Applications/Firefox.app/Contents/MacOS/firefox-bin" "-marionette" "-foreground" "-no-remote" "-profile" "/var/folders/t0/xh01_l9n7cq7qj4jgyvc1wnh0000gq/T/rust_mozprofile.uJhQyXWXPAjj"
1561681465216	addons.webextension.screenshots@mozilla.org	WARN	Loading extension 'screenshots@mozilla.org': Reading manifest: Invalid extension permission: mozillaAddons
1561681465216	addons.webextension.screenshots@mozilla.org	WARN	Loading extension 'screenshots@mozilla.org': Reading manifest: Invalid extension permission: resource://pdf.js/
1561681465216	addons.webextension.screenshots@mozilla.org	WARN	Loading extension 'screenshots@mozilla.org': Reading manifest: Invalid extension permission: about:reader*
1561681466667	Marionette	INFO	Listening on port 57828
1561681466736	Marionette	WARN	TLS certificate errors will be ignored for this session
1561681488604	Marionette	INFO	Stopped listening on port 57828

###!!! [Child][RunMessage] Error: Channel closing: too late to send/recv, messages will be lost

